#
# There is insufficient memory for the Java Runtime Environment to continue.
# Native memory allocation (mmap) failed to map 3212836864 bytes for G1 virtual space
# Possible reasons:
#   The system is out of physical RAM or swap space
#   The process is running with CompressedOops enabled, and the Java Heap may be blocking the growth of the native heap
# Possible solutions:
#   Reduce memory load on the system
#   Increase physical memory or swap space
#   Check if swap backing store is full
#   Decrease Java heap size (-Xmx/-Xms)
#   Decrease number of Java threads
#   Decrease Java thread stack sizes (-Xss)
#   Set larger code cache with -XX:ReservedCodeCacheSize=
#   JVM is running with Zero Based Compressed Oops mode in which the Java heap is
#     placed in the first 32GB address space. The Java Heap base address is the
#     maximum limit for the native heap growth. Please use -XX:HeapBaseMinAddress
#     to set the Java Heap base and to place the Java Heap above 32GB virtual address.
# This output file may be truncated or incomplete.
#
#  Out of Memory Error (os_windows.cpp:3469), pid=6000, tid=4944
#
# JRE version: Java(TM) SE Runtime Environment (17.0+35) (build 17+35-LTS-2724)
# Java VM: Java HotSpot(TM) 64-Bit Server VM (17+35-LTS-2724, mixed mode, sharing, tiered, compressed oops, compressed class ptrs, g1 gc, windows-amd64)
# No core dump will be written. Minidumps are not enabled by default on client versions of Windows
#

---------------  S U M M A R Y ------------

Command Line: -Dfile.encoding=UTF-8 -Xmx10G edu.upc.epsevg.prop.loa.Game

Host: AMD Ryzen 5 3500U with Radeon Vega Mobile Gfx  , 8 cores, 5G,  Windows 10 , 64 bit Build 19041 (10.0.19041.1348)
Time: Sun Dec 19 20:25:17 2021 Hora estándar romance elapsed time: 3.484371 seconds (0d 0h 0m 3s)

---------------  T H R E A D  ---------------

Current thread (0x000001493be6d3b0):  VMThread "VM Thread" [stack: 0x0000001455000000,0x0000001455100000] [id=4944]

Stack: [0x0000001455000000,0x0000001455100000]
Native frames: (J=compiled Java code, j=interpreted, Vv=VM code, C=native code)
V  [jvm.dll+0x66f8ea]
V  [jvm.dll+0x7ce224]
V  [jvm.dll+0x7cf9ce]
V  [jvm.dll+0x7d0033]
V  [jvm.dll+0x242bb5]
V  [jvm.dll+0x66c909]
V  [jvm.dll+0x6613d2]
V  [jvm.dll+0x30082b]
V  [jvm.dll+0x307db6]
V  [jvm.dll+0x357a0e]
V  [jvm.dll+0x357c3f]
V  [jvm.dll+0x2d7ae8]
V  [jvm.dll+0x2d5db4]
V  [jvm.dll+0x2d53bc]
V  [jvm.dll+0x318d1b]
V  [jvm.dll+0x7d44cb]
V  [jvm.dll+0x7d5204]
V  [jvm.dll+0x7d571c]
V  [jvm.dll+0x7d5af4]
V  [jvm.dll+0x7d5bc0]
V  [jvm.dll+0x77e7ea]
V  [jvm.dll+0x66e715]
C  [ucrtbase.dll+0x21bb2]
C  [KERNEL32.DLL+0x17034]
C  [ntdll.dll+0x52651]

VM_Operation (0x00000014562fe930): G1CollectForAllocation, mode: safepoint, requested by thread 0x000001493cc19980


---------------  P R O C E S S  ---------------

Threads class SMR info:
_java_thread_list=0x000001493cbecea0, length=18, elements={
0x000001493be752c0, 0x000001493be76040, 0x000001493be8da70, 0x000001493be90440,
0x000001493be90d00, 0x000001493be935d0, 0x000001493be976c0, 0x000001493be97fd0,
0x000001493be998c0, 0x000001493c9abfe0, 0x000001493c9bb330, 0x000001493cbc4f50,
0x000001493cbc5420, 0x000001493cbc5a80, 0x000001493cbe5670, 0x000001493cbf2740,
0x000001493cc19980, 0x000001493cc1bc80
}

Java Threads: ( => current thread )
  0x000001493be752c0 JavaThread "Reference Handler" daemon [_thread_blocked, id=7464, stack(0x0000001455100000,0x0000001455200000)]
  0x000001493be76040 JavaThread "Finalizer" daemon [_thread_blocked, id=16668, stack(0x0000001455200000,0x0000001455300000)]
  0x000001493be8da70 JavaThread "Signal Dispatcher" daemon [_thread_blocked, id=21484, stack(0x0000001455300000,0x0000001455400000)]
  0x000001493be90440 JavaThread "Attach Listener" daemon [_thread_blocked, id=4352, stack(0x0000001455400000,0x0000001455500000)]
  0x000001493be90d00 JavaThread "Service Thread" daemon [_thread_blocked, id=15972, stack(0x0000001455500000,0x0000001455600000)]
  0x000001493be935d0 JavaThread "Monitor Deflation Thread" daemon [_thread_blocked, id=11932, stack(0x0000001455600000,0x0000001455700000)]
  0x000001493be976c0 JavaThread "C2 CompilerThread0" daemon [_thread_blocked, id=19660, stack(0x0000001455700000,0x0000001455800000)]
  0x000001493be97fd0 JavaThread "C1 CompilerThread0" daemon [_thread_blocked, id=3784, stack(0x0000001455800000,0x0000001455900000)]
  0x000001493be998c0 JavaThread "Sweeper thread" daemon [_thread_blocked, id=10800, stack(0x0000001455900000,0x0000001455a00000)]
  0x000001493c9abfe0 JavaThread "Notification Thread" daemon [_thread_blocked, id=7724, stack(0x0000001455a00000,0x0000001455b00000)]
  0x000001493c9bb330 JavaThread "Common-Cleaner" daemon [_thread_blocked, id=2488, stack(0x0000001455c00000,0x0000001455d00000)]
  0x000001493cbc4f50 JavaThread "Java2D Disposer" daemon [_thread_blocked, id=14376, stack(0x0000001455d00000,0x0000001455e00000)]
  0x000001493cbc5420 JavaThread "AWT-Shutdown" [_thread_blocked, id=19216, stack(0x0000001455e00000,0x0000001455f00000)]
  0x000001493cbc5a80 JavaThread "AWT-Windows" daemon [_thread_in_native, id=10624, stack(0x0000001455f00000,0x0000001456000000)]
  0x000001493cbe5670 JavaThread "EventQueueMonitor-ComponentEvtDispatch" daemon [_thread_blocked, id=20876, stack(0x0000001456000000,0x0000001456100000)]
  0x000001493cbf2740 JavaThread "Thread-1" daemon [_thread_in_native, id=19768, stack(0x0000001456100000,0x0000001456200000)]
  0x000001493cc19980 JavaThread "AWT-EventQueue-0" [_thread_blocked, id=10628, stack(0x0000001456200000,0x0000001456300000)]
  0x000001493cc1bc80 JavaThread "DestroyJavaVM" [_thread_blocked, id=20240, stack(0x0000001454a00000,0x0000001454b00000)]

Other Threads:
=>0x000001493be6d3b0 VMThread "VM Thread" [stack: 0x0000001455000000,0x0000001455100000] [id=4944]
  0x000001490ade8ae0 WatcherThread [stack: 0x0000001455b00000,0x0000001455c00000] [id=8372]
  0x000001490adcb010 GCTaskThread "GC Thread#0" [stack: 0x0000001454b00000,0x0000001454c00000] [id=6192]
  0x000001493cc37580 GCTaskThread "GC Thread#1" [stack: 0x0000001456300000,0x0000001456400000] [id=15572]
  0x000001493cc37830 GCTaskThread "GC Thread#2" [stack: 0x0000001456400000,0x0000001456500000] [id=14284]
  0x000001493cc3ab00 GCTaskThread "GC Thread#3" [stack: 0x0000001456500000,0x0000001456600000] [id=18232]
  0x000001493cc3adb0 GCTaskThread "GC Thread#4" [stack: 0x0000001456600000,0x0000001456700000] [id=7900]
  0x000001493cc3c070 GCTaskThread "GC Thread#5" [stack: 0x0000001456700000,0x0000001456800000] [id=17152]
  0x000001493d2f9870 GCTaskThread "GC Thread#6" [stack: 0x0000001456900000,0x0000001456a00000] [id=19256]
  0x000001493d2f9b20 GCTaskThread "GC Thread#7" [stack: 0x0000001456a00000,0x0000001456b00000] [id=20164]
  0x000001490add6e70 ConcurrentGCThread "G1 Main Marker" [stack: 0x0000001454c00000,0x0000001454d00000] [id=18108]
  0x000001490add87a0 ConcurrentGCThread "G1 Conc#0" [stack: 0x0000001454d00000,0x0000001454e00000] [id=18664]
  0x000001493cc500e0 ConcurrentGCThread "G1 Conc#1" [stack: 0x0000001456800000,0x0000001456900000] [id=18592]
  0x000001490ae1a660 ConcurrentGCThread "G1 Refine#0" [stack: 0x0000001454e00000,0x0000001454f00000] [id=20360]
  0x000001490ae1af90 ConcurrentGCThread "G1 Service" [stack: 0x0000001454f00000,0x0000001455000000] [id=17920]

Threads with active compile tasks:

VM state: at safepoint (normal execution)

VM Mutex/Monitor currently owned by a thread:  ([mutex/lock_event])
[0x000001490ad489a0] Threads_lock - owner thread: 0x000001493be6d3b0
[0x000001490ad48d00] Heap_lock - owner thread: 0x000001493cc19980

Heap address: 0x0000000580000000, size: 10240 MB, Compressed Oops mode: Zero based, Oop shift amount: 3

CDS archive(s) mapped at: [0x0000000800000000-0x0000000800bc0000-0x0000000800bc0000), size 12320768, SharedBaseAddress: 0x0000000800000000, ArchiveRelocationMode: 0.
Compressed class space mapped at: 0x0000000800c00000-0x0000000840c00000, reserved size: 1073741824
Narrow klass base: 0x0000000800000000, Narrow klass shift: 0, Narrow klass range: 0x100000000

GC Precious Log:
 CPUs: 8 total, 8 available
 Memory: 6060M
 Large Page Support: Disabled
 NUMA Support: Disabled
 Compressed Oops: Enabled (Zero based)
 Heap Region Size: 8M
 Heap Min Capacity: 8M
 Heap Initial Capacity: 96M
 Heap Max Capacity: 10G
 Pre-touch: Disabled
 Parallel Workers: 8
 Concurrent Workers: 2
 Concurrent Refinement Workers: 8
 Periodic GC: Disabled

Heap:
 garbage-first heap   total 2654208K, used 1136187K [0x0000000580000000, 0x0000000800000000)
  region size 8192K, 2 young (16384K), 2 survivors (16384K)
 Metaspace       used 2709K, committed 2880K, reserved 1056768K
  class space    used 245K, committed 320K, reserved 1048576K

Heap Regions: E=young(eden), S=young(survivor), O=old, HS=humongous(starts), HC=humongous(continues), CS=collection set, F=free, OA=open archive, CA=closed archive, TAMS=top-at-mark-start (previous, next)
|   0|0x0000000580000000, 0x0000000580800000, 0x0000000580800000|100%|HS|  |TAMS 0x0000000580800000, 0x0000000580800000| Complete 
|   1|0x0000000580800000, 0x0000000581000000, 0x0000000581000000|100%|HC|  |TAMS 0x0000000581000000, 0x0000000581000000| Complete 
|   2|0x0000000581000000, 0x0000000581800000, 0x0000000581800000|100%| O|  |TAMS 0x0000000581800000, 0x0000000581800000| Untracked 
|   3|0x0000000581800000, 0x0000000582000000, 0x0000000582000000|100%| O|  |TAMS 0x0000000582000000, 0x0000000582000000| Untracked 
|   4|0x0000000582000000, 0x0000000582800000, 0x0000000582800000|100%| O|  |TAMS 0x0000000582800000, 0x0000000582800000| Untracked 
|   5|0x0000000582800000, 0x0000000583000000, 0x0000000583000000|100%| O|  |TAMS 0x0000000582effe00, 0x0000000583000000| Untracked 
|   6|0x0000000583000000, 0x0000000583800000, 0x0000000583800000|100%| O|  |TAMS 0x0000000583000000, 0x0000000583800000| Untracked 
|   7|0x0000000583800000, 0x0000000584000000, 0x0000000584000000|100%| O|  |TAMS 0x0000000583800000, 0x0000000584000000| Untracked 
|   8|0x0000000584000000, 0x0000000584800000, 0x0000000584800000|100%| O|  |TAMS 0x0000000584000000, 0x0000000584800000| Untracked 
|   9|0x0000000584800000, 0x0000000585000000, 0x0000000585000000|100%| O|  |TAMS 0x0000000584800000, 0x0000000585000000| Untracked 
|  10|0x0000000585000000, 0x0000000585800000, 0x0000000585800000|100%| O|  |TAMS 0x0000000585000000, 0x0000000585800000| Untracked 
|  11|0x0000000585800000, 0x0000000586000000, 0x0000000586000000|100%| O|  |TAMS 0x0000000585800000, 0x0000000586000000| Untracked 
|  12|0x0000000586000000, 0x0000000586800000, 0x0000000586800000|100%| O|  |TAMS 0x0000000586000000, 0x0000000586800000| Untracked 
|  13|0x0000000586800000, 0x0000000587000000, 0x0000000587000000|100%| O|  |TAMS 0x0000000586800000, 0x0000000587000000| Untracked 
|  14|0x0000000587000000, 0x0000000587800000, 0x0000000587800000|100%| O|  |TAMS 0x0000000587000000, 0x0000000587800000| Untracked 
|  15|0x0000000587800000, 0x0000000588000000, 0x0000000588000000|100%| O|  |TAMS 0x0000000587800000, 0x0000000588000000| Untracked 
|  16|0x0000000588000000, 0x0000000588800000, 0x0000000588800000|100%| O|  |TAMS 0x0000000588000000, 0x0000000588800000| Untracked 
|  17|0x0000000588800000, 0x0000000589000000, 0x0000000589000000|100%| O|  |TAMS 0x0000000588800000, 0x0000000589000000| Untracked 
|  18|0x0000000589000000, 0x0000000589800000, 0x0000000589800000|100%| O|  |TAMS 0x0000000589000000, 0x0000000589800000| Untracked 
|  19|0x0000000589800000, 0x000000058a000000, 0x000000058a000000|100%| O|  |TAMS 0x0000000589800000, 0x000000058a000000| Untracked 
|  20|0x000000058a000000, 0x000000058a800000, 0x000000058a800000|100%| O|  |TAMS 0x000000058a000000, 0x000000058a800000| Untracked 
|  21|0x000000058a800000, 0x000000058b000000, 0x000000058b000000|100%| O|  |TAMS 0x000000058a800000, 0x000000058b000000| Untracked 
|  22|0x000000058b000000, 0x000000058b800000, 0x000000058b800000|100%| O|  |TAMS 0x000000058b000000, 0x000000058b800000| Untracked 
|  23|0x000000058b800000, 0x000000058c000000, 0x000000058c000000|100%| O|  |TAMS 0x000000058b800000, 0x000000058c000000| Untracked 
|  24|0x000000058c000000, 0x000000058c800000, 0x000000058c800000|100%| O|  |TAMS 0x000000058c000000, 0x000000058c800000| Untracked 
|  25|0x000000058c800000, 0x000000058d000000, 0x000000058d000000|100%| O|  |TAMS 0x000000058c800000, 0x000000058d000000| Untracked 
|  26|0x000000058d000000, 0x000000058d800000, 0x000000058d800000|100%| O|  |TAMS 0x000000058d000000, 0x000000058d800000| Untracked 
|  27|0x000000058d800000, 0x000000058e000000, 0x000000058e000000|100%| O|  |TAMS 0x000000058d800000, 0x000000058e000000| Untracked 
|  28|0x000000058e000000, 0x000000058e800000, 0x000000058e800000|100%| O|  |TAMS 0x000000058e000000, 0x000000058e800000| Untracked 
|  29|0x000000058e800000, 0x000000058f000000, 0x000000058f000000|100%| O|  |TAMS 0x000000058e800000, 0x000000058f000000| Untracked 
|  30|0x000000058f000000, 0x000000058f800000, 0x000000058f800000|100%| O|  |TAMS 0x000000058f000000, 0x000000058f800000| Untracked 
|  31|0x000000058f800000, 0x0000000590000000, 0x0000000590000000|100%| O|  |TAMS 0x000000058f800000, 0x0000000590000000| Untracked 
|  32|0x0000000590000000, 0x0000000590800000, 0x0000000590800000|100%| O|  |TAMS 0x0000000590000000, 0x0000000590800000| Untracked 
|  33|0x0000000590800000, 0x0000000591000000, 0x0000000591000000|100%| O|  |TAMS 0x0000000590800000, 0x0000000591000000| Untracked 
|  34|0x0000000591000000, 0x0000000591800000, 0x0000000591800000|100%| O|  |TAMS 0x0000000591000000, 0x0000000591800000| Untracked 
|  35|0x0000000591800000, 0x0000000592000000, 0x0000000592000000|100%| O|  |TAMS 0x0000000591800000, 0x0000000592000000| Untracked 
|  36|0x0000000592000000, 0x0000000592800000, 0x0000000592800000|100%| O|  |TAMS 0x0000000592000000, 0x0000000592800000| Untracked 
|  37|0x0000000592800000, 0x0000000593000000, 0x0000000593000000|100%| O|  |TAMS 0x0000000592800000, 0x0000000593000000| Untracked 
|  38|0x0000000593000000, 0x0000000593800000, 0x0000000593800000|100%| O|  |TAMS 0x0000000593000000, 0x0000000593800000| Untracked 
|  39|0x0000000593800000, 0x0000000594000000, 0x0000000594000000|100%| O|  |TAMS 0x0000000593800000, 0x0000000594000000| Untracked 
|  40|0x0000000594000000, 0x0000000594800000, 0x0000000594800000|100%| O|  |TAMS 0x0000000594000000, 0x0000000594800000| Untracked 
|  41|0x0000000594800000, 0x0000000595000000, 0x0000000595000000|100%| O|  |TAMS 0x0000000594800000, 0x0000000595000000| Untracked 
|  42|0x0000000595000000, 0x0000000595800000, 0x0000000595800000|100%| O|  |TAMS 0x0000000595000000, 0x0000000595800000| Untracked 
|  43|0x0000000595800000, 0x0000000596000000, 0x0000000596000000|100%| O|  |TAMS 0x0000000595800000, 0x0000000596000000| Untracked 
|  44|0x0000000596000000, 0x0000000596800000, 0x0000000596800000|100%| O|  |TAMS 0x0000000596000000, 0x0000000596800000| Untracked 
|  45|0x0000000596800000, 0x0000000597000000, 0x0000000597000000|100%| O|  |TAMS 0x0000000596800000, 0x0000000597000000| Untracked 
|  46|0x0000000597000000, 0x0000000597800000, 0x0000000597800000|100%| O|  |TAMS 0x0000000597000000, 0x0000000597800000| Untracked 
|  47|0x0000000597800000, 0x0000000598000000, 0x0000000598000000|100%| O|  |TAMS 0x0000000597800000, 0x0000000598000000| Untracked 
|  48|0x0000000598000000, 0x0000000598800000, 0x0000000598800000|100%| O|  |TAMS 0x0000000598000000, 0x0000000598800000| Untracked 
|  49|0x0000000598800000, 0x0000000599000000, 0x0000000599000000|100%| O|  |TAMS 0x0000000598800000, 0x0000000598e4c600| Untracked 
|  50|0x0000000599000000, 0x0000000599800000, 0x0000000599800000|100%| O|  |TAMS 0x0000000599000000, 0x0000000599000000| Untracked 
|  51|0x0000000599800000, 0x000000059a000000, 0x000000059a000000|100%| O|  |TAMS 0x0000000599800000, 0x0000000599800000| Untracked 
|  52|0x000000059a000000, 0x000000059a800000, 0x000000059a800000|100%| O|  |TAMS 0x000000059a000000, 0x000000059a000000| Untracked 
|  53|0x000000059a800000, 0x000000059b000000, 0x000000059b000000|100%| O|  |TAMS 0x000000059a800000, 0x000000059a800000| Untracked 
|  54|0x000000059b000000, 0x000000059b800000, 0x000000059b800000|100%| O|  |TAMS 0x000000059b000000, 0x000000059b000000| Untracked 
|  55|0x000000059b800000, 0x000000059c000000, 0x000000059c000000|100%| O|  |TAMS 0x000000059b800000, 0x000000059b800000| Untracked 
|  56|0x000000059c000000, 0x000000059c800000, 0x000000059c800000|100%| O|  |TAMS 0x000000059c000000, 0x000000059c000000| Untracked 
|  57|0x000000059c800000, 0x000000059d000000, 0x000000059d000000|100%| O|  |TAMS 0x000000059c800000, 0x000000059c800000| Untracked 
|  58|0x000000059d000000, 0x000000059d800000, 0x000000059d800000|100%| O|  |TAMS 0x000000059d000000, 0x000000059d000000| Untracked 
|  59|0x000000059d800000, 0x000000059e000000, 0x000000059e000000|100%| O|  |TAMS 0x000000059d800000, 0x000000059d800000| Untracked 
|  60|0x000000059e000000, 0x000000059e800000, 0x000000059e800000|100%| O|  |TAMS 0x000000059e000000, 0x000000059e000000| Untracked 
|  61|0x000000059e800000, 0x000000059f000000, 0x000000059f000000|100%| O|  |TAMS 0x000000059e800000, 0x000000059e800000| Untracked 
|  62|0x000000059f000000, 0x000000059f800000, 0x000000059f800000|100%| O|  |TAMS 0x000000059f000000, 0x000000059f000000| Untracked 
|  63|0x000000059f800000, 0x00000005a0000000, 0x00000005a0000000|100%| O|  |TAMS 0x000000059f800000, 0x000000059f800000| Untracked 
|  64|0x00000005a0000000, 0x00000005a0800000, 0x00000005a0800000|100%| O|  |TAMS 0x00000005a0000000, 0x00000005a0000000| Untracked 
|  65|0x00000005a0800000, 0x00000005a1000000, 0x00000005a1000000|100%| O|  |TAMS 0x00000005a0800000, 0x00000005a0800000| Untracked 
|  66|0x00000005a1000000, 0x00000005a1800000, 0x00000005a1800000|100%| O|  |TAMS 0x00000005a1000000, 0x00000005a1000000| Untracked 
|  67|0x00000005a1800000, 0x00000005a2000000, 0x00000005a2000000|100%| O|  |TAMS 0x00000005a1800000, 0x00000005a1800000| Untracked 
|  68|0x00000005a2000000, 0x00000005a2800000, 0x00000005a2800000|100%| O|  |TAMS 0x00000005a2000000, 0x00000005a2000000| Untracked 
|  69|0x00000005a2800000, 0x00000005a3000000, 0x00000005a3000000|100%| O|  |TAMS 0x00000005a2800000, 0x00000005a2800000| Untracked 
|  70|0x00000005a3000000, 0x00000005a3800000, 0x00000005a3800000|100%| O|  |TAMS 0x00000005a3000000, 0x00000005a3000000| Untracked 
|  71|0x00000005a3800000, 0x00000005a4000000, 0x00000005a4000000|100%| O|  |TAMS 0x00000005a3800000, 0x00000005a3800000| Untracked 
|  72|0x00000005a4000000, 0x00000005a4800000, 0x00000005a4800000|100%| O|  |TAMS 0x00000005a4000000, 0x00000005a4000000| Untracked 
|  73|0x00000005a4800000, 0x00000005a5000000, 0x00000005a5000000|100%| O|  |TAMS 0x00000005a4800000, 0x00000005a4800000| Untracked 
|  74|0x00000005a5000000, 0x00000005a5800000, 0x00000005a5800000|100%| O|  |TAMS 0x00000005a5000000, 0x00000005a5000000| Untracked 
|  75|0x00000005a5800000, 0x00000005a6000000, 0x00000005a6000000|100%| O|  |TAMS 0x00000005a5800000, 0x00000005a5800000| Untracked 
|  76|0x00000005a6000000, 0x00000005a6800000, 0x00000005a6800000|100%| O|  |TAMS 0x00000005a6000000, 0x00000005a6000000| Untracked 
|  77|0x00000005a6800000, 0x00000005a7000000, 0x00000005a7000000|100%| O|  |TAMS 0x00000005a6800000, 0x00000005a6800000| Untracked 
|  78|0x00000005a7000000, 0x00000005a7800000, 0x00000005a7800000|100%| O|  |TAMS 0x00000005a7000000, 0x00000005a7000000| Untracked 
|  79|0x00000005a7800000, 0x00000005a8000000, 0x00000005a8000000|100%| O|  |TAMS 0x00000005a7800000, 0x00000005a7800000| Untracked 
|  80|0x00000005a8000000, 0x00000005a8800000, 0x00000005a8800000|100%| O|  |TAMS 0x00000005a8000000, 0x00000005a8000000| Untracked 
|  81|0x00000005a8800000, 0x00000005a9000000, 0x00000005a9000000|100%| O|  |TAMS 0x00000005a8800000, 0x00000005a8800000| Untracked 
|  82|0x00000005a9000000, 0x00000005a9800000, 0x00000005a9800000|100%| O|  |TAMS 0x00000005a9000000, 0x00000005a9000000| Untracked 
|  83|0x00000005a9800000, 0x00000005aa000000, 0x00000005aa000000|100%| O|  |TAMS 0x00000005a9800000, 0x00000005a9800000| Untracked 
|  84|0x00000005aa000000, 0x00000005aa800000, 0x00000005aa800000|100%| O|  |TAMS 0x00000005aa000000, 0x00000005aa000000| Untracked 
|  85|0x00000005aa800000, 0x00000005ab000000, 0x00000005ab000000|100%| O|  |TAMS 0x00000005aa800000, 0x00000005aa800000| Untracked 
|  86|0x00000005ab000000, 0x00000005ab800000, 0x00000005ab800000|100%| O|  |TAMS 0x00000005ab000000, 0x00000005ab000000| Untracked 
|  87|0x00000005ab800000, 0x00000005ac000000, 0x00000005ac000000|100%| O|  |TAMS 0x00000005ab800000, 0x00000005ab800000| Untracked 
|  88|0x00000005ac000000, 0x00000005ac800000, 0x00000005ac800000|100%| O|  |TAMS 0x00000005ac000000, 0x00000005ac000000| Untracked 
|  89|0x00000005ac800000, 0x00000005ad000000, 0x00000005ad000000|100%| O|  |TAMS 0x00000005ac800000, 0x00000005ac800000| Untracked 
|  90|0x00000005ad000000, 0x00000005ad800000, 0x00000005ad800000|100%| O|  |TAMS 0x00000005ad000000, 0x00000005ad000000| Untracked 
|  91|0x00000005ad800000, 0x00000005ae000000, 0x00000005ae000000|100%| O|  |TAMS 0x00000005ad800000, 0x00000005ad800000| Untracked 
|  92|0x00000005ae000000, 0x00000005ae800000, 0x00000005ae800000|100%| O|  |TAMS 0x00000005ae000000, 0x00000005ae000000| Untracked 
|  93|0x00000005ae800000, 0x00000005af000000, 0x00000005af000000|100%| O|  |TAMS 0x00000005ae800000, 0x00000005ae800000| Untracked 
|  94|0x00000005af000000, 0x00000005af800000, 0x00000005af800000|100%| O|  |TAMS 0x00000005af000000, 0x00000005af000000| Untracked 
|  95|0x00000005af800000, 0x00000005b0000000, 0x00000005b0000000|100%| O|  |TAMS 0x00000005af800000, 0x00000005af800000| Untracked 
|  96|0x00000005b0000000, 0x00000005b0800000, 0x00000005b0800000|100%| O|  |TAMS 0x00000005b0000000, 0x00000005b0000000| Untracked 
|  97|0x00000005b0800000, 0x00000005b1000000, 0x00000005b1000000|100%| O|  |TAMS 0x00000005b0800000, 0x00000005b0800000| Untracked 
|  98|0x00000005b1000000, 0x00000005b1800000, 0x00000005b1800000|100%| O|  |TAMS 0x00000005b1000000, 0x00000005b1000000| Untracked 
|  99|0x00000005b1800000, 0x00000005b2000000, 0x00000005b2000000|100%| O|  |TAMS 0x00000005b1800000, 0x00000005b1800000| Untracked 
| 100|0x00000005b2000000, 0x00000005b2800000, 0x00000005b2800000|100%| O|  |TAMS 0x00000005b2000000, 0x00000005b2000000| Untracked 
| 101|0x00000005b2800000, 0x00000005b3000000, 0x00000005b3000000|100%| O|  |TAMS 0x00000005b2800000, 0x00000005b2800000| Untracked 
| 102|0x00000005b3000000, 0x00000005b3800000, 0x00000005b3800000|100%| O|  |TAMS 0x00000005b3000000, 0x00000005b3000000| Untracked 
| 103|0x00000005b3800000, 0x00000005b4000000, 0x00000005b4000000|100%| O|  |TAMS 0x00000005b3800000, 0x00000005b3800000| Untracked 
| 104|0x00000005b4000000, 0x00000005b4800000, 0x00000005b4800000|100%| O|  |TAMS 0x00000005b4000000, 0x00000005b4000000| Untracked 
| 105|0x00000005b4800000, 0x00000005b5000000, 0x00000005b5000000|100%| O|  |TAMS 0x00000005b4800000, 0x00000005b4800000| Untracked 
| 106|0x00000005b5000000, 0x00000005b5800000, 0x00000005b5800000|100%| O|  |TAMS 0x00000005b5000000, 0x00000005b5000000| Untracked 
| 107|0x00000005b5800000, 0x00000005b6000000, 0x00000005b6000000|100%| O|  |TAMS 0x00000005b5800000, 0x00000005b5800000| Untracked 
| 108|0x00000005b6000000, 0x00000005b6800000, 0x00000005b6800000|100%| O|  |TAMS 0x00000005b6000000, 0x00000005b6000000| Untracked 
| 109|0x00000005b6800000, 0x00000005b7000000, 0x00000005b7000000|100%| O|  |TAMS 0x00000005b6800000, 0x00000005b6800000| Untracked 
| 110|0x00000005b7000000, 0x00000005b7800000, 0x00000005b7800000|100%| O|  |TAMS 0x00000005b7000000, 0x00000005b7000000| Untracked 
| 111|0x00000005b7800000, 0x00000005b8000000, 0x00000005b8000000|100%| O|  |TAMS 0x00000005b7800000, 0x00000005b7800000| Untracked 
| 112|0x00000005b8000000, 0x00000005b8800000, 0x00000005b8800000|100%| O|  |TAMS 0x00000005b8000000, 0x00000005b8000000| Untracked 
| 113|0x00000005b8800000, 0x00000005b9000000, 0x00000005b9000000|100%| O|  |TAMS 0x00000005b8800000, 0x00000005b8800000| Untracked 
| 114|0x00000005b9000000, 0x00000005b9800000, 0x00000005b9800000|100%| O|  |TAMS 0x00000005b9000000, 0x00000005b9000000| Untracked 
| 115|0x00000005b9800000, 0x00000005ba000000, 0x00000005ba000000|100%| O|  |TAMS 0x00000005b9800000, 0x00000005b9800000| Untracked 
| 116|0x00000005ba000000, 0x00000005ba800000, 0x00000005ba800000|100%| O|  |TAMS 0x00000005ba000000, 0x00000005ba000000| Untracked 
| 117|0x00000005ba800000, 0x00000005bb000000, 0x00000005bb000000|100%| O|  |TAMS 0x00000005ba800000, 0x00000005ba800000| Untracked 
| 118|0x00000005bb000000, 0x00000005bb800000, 0x00000005bb800000|100%| O|  |TAMS 0x00000005bb000000, 0x00000005bb000000| Untracked 
| 119|0x00000005bb800000, 0x00000005bc000000, 0x00000005bc000000|100%| O|  |TAMS 0x00000005bb800000, 0x00000005bb800000| Untracked 
| 120|0x00000005bc000000, 0x00000005bc800000, 0x00000005bc800000|100%| O|  |TAMS 0x00000005bc000000, 0x00000005bc000000| Untracked 
| 121|0x00000005bc800000, 0x00000005bd000000, 0x00000005bd000000|100%| O|  |TAMS 0x00000005bc800000, 0x00000005bc800000| Untracked 
| 122|0x00000005bd000000, 0x00000005bd800000, 0x00000005bd800000|100%| O|  |TAMS 0x00000005bd000000, 0x00000005bd000000| Untracked 
| 123|0x00000005bd800000, 0x00000005be000000, 0x00000005be000000|100%| O|  |TAMS 0x00000005bd800000, 0x00000005bd800000| Untracked 
| 124|0x00000005be000000, 0x00000005be800000, 0x00000005be800000|100%| O|  |TAMS 0x00000005be000000, 0x00000005be000000| Untracked 
| 125|0x00000005be800000, 0x00000005bf000000, 0x00000005bf000000|100%| O|  |TAMS 0x00000005be800000, 0x00000005be800000| Untracked 
| 126|0x00000005bf000000, 0x00000005bf800000, 0x00000005bf800000|100%| O|  |TAMS 0x00000005bf000000, 0x00000005bf000000| Untracked 
| 127|0x00000005bf800000, 0x00000005c0000000, 0x00000005c0000000|100%| O|  |TAMS 0x00000005bf800000, 0x00000005bf800000| Untracked 
| 128|0x00000005c0000000, 0x00000005c0800000, 0x00000005c0800000|100%| O|  |TAMS 0x00000005c0000000, 0x00000005c0000000| Untracked 
| 129|0x00000005c0800000, 0x00000005c1000000, 0x00000005c1000000|100%| O|  |TAMS 0x00000005c0800000, 0x00000005c0800000| Untracked 
| 130|0x00000005c1000000, 0x00000005c1800000, 0x00000005c1800000|100%| O|  |TAMS 0x00000005c1000000, 0x00000005c1000000| Untracked 
| 131|0x00000005c1800000, 0x00000005c2000000, 0x00000005c2000000|100%| O|  |TAMS 0x00000005c1800000, 0x00000005c1800000| Untracked 
| 132|0x00000005c2000000, 0x00000005c2800000, 0x00000005c2800000|100%| O|  |TAMS 0x00000005c2000000, 0x00000005c2000000| Untracked 
| 133|0x00000005c2800000, 0x00000005c3000000, 0x00000005c3000000|100%| O|  |TAMS 0x00000005c2800000, 0x00000005c2800000| Untracked 
| 134|0x00000005c3000000, 0x00000005c3800000, 0x00000005c3800000|100%| O|  |TAMS 0x00000005c3000000, 0x00000005c3000000| Untracked 
| 135|0x00000005c3800000, 0x00000005c4000000, 0x00000005c4000000|100%| O|  |TAMS 0x00000005c3800000, 0x00000005c3800000| Untracked 
| 136|0x00000005c4000000, 0x00000005c458ee00, 0x00000005c4800000| 69%| O|  |TAMS 0x00000005c4000000, 0x00000005c4000000| Untracked 
| 137|0x00000005c4800000, 0x00000005c4800000, 0x00000005c5000000|  0%| F|  |TAMS 0x00000005c4800000, 0x00000005c4800000| Untracked 
| 138|0x00000005c5000000, 0x00000005c5000000, 0x00000005c5800000|  0%| F|  |TAMS 0x00000005c5000000, 0x00000005c5000000| Untracked 
| 139|0x00000005c5800000, 0x00000005c5800000, 0x00000005c6000000|  0%| F|  |TAMS 0x00000005c5800000, 0x00000005c5800000| Untracked 
| 140|0x00000005c6000000, 0x00000005c6000000, 0x00000005c6800000|  0%| F|  |TAMS 0x00000005c6000000, 0x00000005c6000000| Untracked 
| 141|0x00000005c6800000, 0x00000005c6800000, 0x00000005c7000000|  0%| F|  |TAMS 0x00000005c6800000, 0x00000005c6800000| Untracked 
| 142|0x00000005c7000000, 0x00000005c7000000, 0x00000005c7800000|  0%| F|  |TAMS 0x00000005c7000000, 0x00000005c7000000| Untracked 
| 143|0x00000005c7800000, 0x00000005c7800000, 0x00000005c8000000|  0%| F|  |TAMS 0x00000005c7800000, 0x00000005c7800000| Untracked 
| 144|0x00000005c8000000, 0x00000005c8000000, 0x00000005c8800000|  0%| F|  |TAMS 0x00000005c8000000, 0x00000005c8000000| Untracked 
| 145|0x00000005c8800000, 0x00000005c8800000, 0x00000005c9000000|  0%| F|  |TAMS 0x00000005c8800000, 0x00000005c8800000| Untracked 
| 146|0x00000005c9000000, 0x00000005c9000000, 0x00000005c9800000|  0%| F|  |TAMS 0x00000005c9000000, 0x00000005c9000000| Untracked 
| 147|0x00000005c9800000, 0x00000005c9800000, 0x00000005ca000000|  0%| F|  |TAMS 0x00000005c9800000, 0x00000005c9800000| Untracked 
| 148|0x00000005ca000000, 0x00000005ca000000, 0x00000005ca800000|  0%| F|  |TAMS 0x00000005ca000000, 0x00000005ca000000| Untracked 
| 149|0x00000005ca800000, 0x00000005ca800000, 0x00000005cb000000|  0%| F|  |TAMS 0x00000005ca800000, 0x00000005ca800000| Untracked 
| 150|0x00000005cb000000, 0x00000005cb000000, 0x00000005cb800000|  0%| F|  |TAMS 0x00000005cb000000, 0x00000005cb000000| Untracked 
| 151|0x00000005cb800000, 0x00000005cb800000, 0x00000005cc000000|  0%| F|  |TAMS 0x00000005cb800000, 0x00000005cb800000| Untracked 
| 152|0x00000005cc000000, 0x00000005cc000000, 0x00000005cc800000|  0%| F|  |TAMS 0x00000005cc000000, 0x00000005cc000000| Untracked 
| 153|0x00000005cc800000, 0x00000005cc800000, 0x00000005cd000000|  0%| F|  |TAMS 0x00000005cc800000, 0x00000005cc800000| Untracked 
| 154|0x00000005cd000000, 0x00000005cd000000, 0x00000005cd800000|  0%| F|  |TAMS 0x00000005cd000000, 0x00000005cd000000| Untracked 
| 155|0x00000005cd800000, 0x00000005cd800000, 0x00000005ce000000|  0%| F|  |TAMS 0x00000005cd800000, 0x00000005cd800000| Untracked 
| 156|0x00000005ce000000, 0x00000005ce000000, 0x00000005ce800000|  0%| F|  |TAMS 0x00000005ce000000, 0x00000005ce000000| Untracked 
| 157|0x00000005ce800000, 0x00000005ce800000, 0x00000005cf000000|  0%| F|  |TAMS 0x00000005ce800000, 0x00000005ce800000| Untracked 
| 158|0x00000005cf000000, 0x00000005cf000000, 0x00000005cf800000|  0%| F|  |TAMS 0x00000005cf000000, 0x00000005cf000000| Untracked 
| 159|0x00000005cf800000, 0x00000005cf800000, 0x00000005d0000000|  0%| F|  |TAMS 0x00000005cf800000, 0x00000005cf800000| Untracked 
| 160|0x00000005d0000000, 0x00000005d0000000, 0x00000005d0800000|  0%| F|  |TAMS 0x00000005d0000000, 0x00000005d0000000| Untracked 
| 161|0x00000005d0800000, 0x00000005d0800000, 0x00000005d1000000|  0%| F|  |TAMS 0x00000005d0800000, 0x00000005d0800000| Untracked 
| 162|0x00000005d1000000, 0x00000005d1000000, 0x00000005d1800000|  0%| F|  |TAMS 0x00000005d1000000, 0x00000005d1000000| Untracked 
| 163|0x00000005d1800000, 0x00000005d1800000, 0x00000005d2000000|  0%| F|  |TAMS 0x00000005d1800000, 0x00000005d1800000| Untracked 
| 164|0x00000005d2000000, 0x00000005d2000000, 0x00000005d2800000|  0%| F|  |TAMS 0x00000005d2000000, 0x00000005d2000000| Untracked 
| 165|0x00000005d2800000, 0x00000005d2800000, 0x00000005d3000000|  0%| F|  |TAMS 0x00000005d2800000, 0x00000005d2800000| Untracked 
| 166|0x00000005d3000000, 0x00000005d3000000, 0x00000005d3800000|  0%| F|  |TAMS 0x00000005d3000000, 0x00000005d3000000| Untracked 
| 167|0x00000005d3800000, 0x00000005d3800000, 0x00000005d4000000|  0%| F|  |TAMS 0x00000005d3800000, 0x00000005d3800000| Untracked 
| 168|0x00000005d4000000, 0x00000005d4000000, 0x00000005d4800000|  0%| F|  |TAMS 0x00000005d4000000, 0x00000005d4000000| Untracked 
| 169|0x00000005d4800000, 0x00000005d4800000, 0x00000005d5000000|  0%| F|  |TAMS 0x00000005d4800000, 0x00000005d4800000| Untracked 
| 170|0x00000005d5000000, 0x00000005d5000000, 0x00000005d5800000|  0%| F|  |TAMS 0x00000005d5000000, 0x00000005d5000000| Untracked 
| 171|0x00000005d5800000, 0x00000005d5800000, 0x00000005d6000000|  0%| F|  |TAMS 0x00000005d5800000, 0x00000005d5800000| Untracked 
| 172|0x00000005d6000000, 0x00000005d6000000, 0x00000005d6800000|  0%| F|  |TAMS 0x00000005d6000000, 0x00000005d6000000| Untracked 
| 173|0x00000005d6800000, 0x00000005d6800000, 0x00000005d7000000|  0%| F|  |TAMS 0x00000005d6800000, 0x00000005d6800000| Untracked 
| 174|0x00000005d7000000, 0x00000005d7000000, 0x00000005d7800000|  0%| F|  |TAMS 0x00000005d7000000, 0x00000005d7000000| Untracked 
| 175|0x00000005d7800000, 0x00000005d7800000, 0x00000005d8000000|  0%| F|  |TAMS 0x00000005d7800000, 0x00000005d7800000| Untracked 
| 176|0x00000005d8000000, 0x00000005d8000000, 0x00000005d8800000|  0%| F|  |TAMS 0x00000005d8000000, 0x00000005d8000000| Untracked 
| 177|0x00000005d8800000, 0x00000005d8800000, 0x00000005d9000000|  0%| F|  |TAMS 0x00000005d8800000, 0x00000005d8800000| Untracked 
| 178|0x00000005d9000000, 0x00000005d9000000, 0x00000005d9800000|  0%| F|  |TAMS 0x00000005d9000000, 0x00000005d9000000| Untracked 
| 179|0x00000005d9800000, 0x00000005d9800000, 0x00000005da000000|  0%| F|  |TAMS 0x00000005d9800000, 0x00000005d9800000| Untracked 
| 180|0x00000005da000000, 0x00000005da000000, 0x00000005da800000|  0%| F|  |TAMS 0x00000005da000000, 0x00000005da000000| Untracked 
| 181|0x00000005da800000, 0x00000005da800000, 0x00000005db000000|  0%| F|  |TAMS 0x00000005da800000, 0x00000005da800000| Untracked 
| 182|0x00000005db000000, 0x00000005db000000, 0x00000005db800000|  0%| F|  |TAMS 0x00000005db000000, 0x00000005db000000| Untracked 
| 183|0x00000005db800000, 0x00000005db800000, 0x00000005dc000000|  0%| F|  |TAMS 0x00000005db800000, 0x00000005db800000| Untracked 
| 184|0x00000005dc000000, 0x00000005dc000000, 0x00000005dc800000|  0%| F|  |TAMS 0x00000005dc000000, 0x00000005dc000000| Untracked 
| 185|0x00000005dc800000, 0x00000005dc800000, 0x00000005dd000000|  0%| F|  |TAMS 0x00000005dc800000, 0x00000005dc800000| Untracked 
| 186|0x00000005dd000000, 0x00000005dd000000, 0x00000005dd800000|  0%| F|  |TAMS 0x00000005dd000000, 0x00000005dd000000| Untracked 
| 187|0x00000005dd800000, 0x00000005dd800000, 0x00000005de000000|  0%| F|  |TAMS 0x00000005dd800000, 0x00000005dd800000| Untracked 
| 188|0x00000005de000000, 0x00000005de000000, 0x00000005de800000|  0%| F|  |TAMS 0x00000005de000000, 0x00000005de000000| Untracked 
| 189|0x00000005de800000, 0x00000005de800000, 0x00000005df000000|  0%| F|  |TAMS 0x00000005de800000, 0x00000005de800000| Untracked 
| 190|0x00000005df000000, 0x00000005df000000, 0x00000005df800000|  0%| F|  |TAMS 0x00000005df000000, 0x00000005df000000| Untracked 
| 191|0x00000005df800000, 0x00000005df800000, 0x00000005e0000000|  0%| F|  |TAMS 0x00000005df800000, 0x00000005df800000| Untracked 
| 192|0x00000005e0000000, 0x00000005e0000000, 0x00000005e0800000|  0%| F|  |TAMS 0x00000005e0000000, 0x00000005e0000000| Untracked 
| 193|0x00000005e0800000, 0x00000005e0800000, 0x00000005e1000000|  0%| F|  |TAMS 0x00000005e0800000, 0x00000005e0800000| Untracked 
| 194|0x00000005e1000000, 0x00000005e1000000, 0x00000005e1800000|  0%| F|  |TAMS 0x00000005e1000000, 0x00000005e1000000| Untracked 
| 195|0x00000005e1800000, 0x00000005e1800000, 0x00000005e2000000|  0%| F|  |TAMS 0x00000005e1800000, 0x00000005e1800000| Untracked 
| 196|0x00000005e2000000, 0x00000005e2000000, 0x00000005e2800000|  0%| F|  |TAMS 0x00000005e2000000, 0x00000005e2000000| Untracked 
| 197|0x00000005e2800000, 0x00000005e2800000, 0x00000005e3000000|  0%| F|  |TAMS 0x00000005e2800000, 0x00000005e2800000| Untracked 
| 198|0x00000005e3000000, 0x00000005e3000000, 0x00000005e3800000|  0%| F|  |TAMS 0x00000005e3000000, 0x00000005e3000000| Untracked 
| 199|0x00000005e3800000, 0x00000005e3800000, 0x00000005e4000000|  0%| F|  |TAMS 0x00000005e3800000, 0x00000005e3800000| Untracked 
| 200|0x00000005e4000000, 0x00000005e4000000, 0x00000005e4800000|  0%| F|  |TAMS 0x00000005e4000000, 0x00000005e4000000| Untracked 
| 201|0x00000005e4800000, 0x00000005e4800000, 0x00000005e5000000|  0%| F|  |TAMS 0x00000005e4800000, 0x00000005e4800000| Untracked 
| 202|0x00000005e5000000, 0x00000005e5000000, 0x00000005e5800000|  0%| F|  |TAMS 0x00000005e5000000, 0x00000005e5000000| Untracked 
| 203|0x00000005e5800000, 0x00000005e5800000, 0x00000005e6000000|  0%| F|  |TAMS 0x00000005e5800000, 0x00000005e5800000| Untracked 
| 204|0x00000005e6000000, 0x00000005e6000000, 0x00000005e6800000|  0%| F|  |TAMS 0x00000005e6000000, 0x00000005e6000000| Untracked 
| 205|0x00000005e6800000, 0x00000005e6800000, 0x00000005e7000000|  0%| F|  |TAMS 0x00000005e6800000, 0x00000005e6800000| Untracked 
| 206|0x00000005e7000000, 0x00000005e7000000, 0x00000005e7800000|  0%| F|  |TAMS 0x00000005e7000000, 0x00000005e7000000| Untracked 
| 207|0x00000005e7800000, 0x00000005e7800000, 0x00000005e8000000|  0%| F|  |TAMS 0x00000005e7800000, 0x00000005e7800000| Untracked 
| 208|0x00000005e8000000, 0x00000005e8000000, 0x00000005e8800000|  0%| F|  |TAMS 0x00000005e8000000, 0x00000005e8000000| Untracked 
| 209|0x00000005e8800000, 0x00000005e8800000, 0x00000005e9000000|  0%| F|  |TAMS 0x00000005e8800000, 0x00000005e8800000| Untracked 
| 210|0x00000005e9000000, 0x00000005e9000000, 0x00000005e9800000|  0%| F|  |TAMS 0x00000005e9000000, 0x00000005e9000000| Untracked 
| 211|0x00000005e9800000, 0x00000005e9800000, 0x00000005ea000000|  0%| F|  |TAMS 0x00000005e9800000, 0x00000005e9800000| Untracked 
| 212|0x00000005ea000000, 0x00000005ea000000, 0x00000005ea800000|  0%| F|  |TAMS 0x00000005ea000000, 0x00000005ea000000| Untracked 
| 213|0x00000005ea800000, 0x00000005ea800000, 0x00000005eb000000|  0%| F|  |TAMS 0x00000005ea800000, 0x00000005ea800000| Untracked 
| 214|0x00000005eb000000, 0x00000005eb000000, 0x00000005eb800000|  0%| F|  |TAMS 0x00000005eb000000, 0x00000005eb000000| Untracked 
| 215|0x00000005eb800000, 0x00000005eb800000, 0x00000005ec000000|  0%| F|  |TAMS 0x00000005eb800000, 0x00000005eb800000| Untracked 
| 216|0x00000005ec000000, 0x00000005ec000000, 0x00000005ec800000|  0%| F|  |TAMS 0x00000005ec000000, 0x00000005ec000000| Untracked 
| 217|0x00000005ec800000, 0x00000005ec800000, 0x00000005ed000000|  0%| F|  |TAMS 0x00000005ec800000, 0x00000005ec800000| Untracked 
| 218|0x00000005ed000000, 0x00000005ed000000, 0x00000005ed800000|  0%| F|  |TAMS 0x00000005ed000000, 0x00000005ed000000| Untracked 
| 219|0x00000005ed800000, 0x00000005ed800000, 0x00000005ee000000|  0%| F|  |TAMS 0x00000005ed800000, 0x00000005ed800000| Untracked 
| 220|0x00000005ee000000, 0x00000005ee000000, 0x00000005ee800000|  0%| F|  |TAMS 0x00000005ee000000, 0x00000005ee000000| Untracked 
| 221|0x00000005ee800000, 0x00000005ee800000, 0x00000005ef000000|  0%| F|  |TAMS 0x00000005ee800000, 0x00000005ee800000| Untracked 
| 222|0x00000005ef000000, 0x00000005ef000000, 0x00000005ef800000|  0%| F|  |TAMS 0x00000005ef000000, 0x00000005ef000000| Untracked 
| 223|0x00000005ef800000, 0x00000005ef800000, 0x00000005f0000000|  0%| F|  |TAMS 0x00000005ef800000, 0x00000005ef800000| Untracked 
| 224|0x00000005f0000000, 0x00000005f0000000, 0x00000005f0800000|  0%| F|  |TAMS 0x00000005f0000000, 0x00000005f0000000| Untracked 
| 225|0x00000005f0800000, 0x00000005f0800000, 0x00000005f1000000|  0%| F|  |TAMS 0x00000005f0800000, 0x00000005f0800000| Untracked 
| 226|0x00000005f1000000, 0x00000005f1000000, 0x00000005f1800000|  0%| F|  |TAMS 0x00000005f1000000, 0x00000005f1000000| Untracked 
| 227|0x00000005f1800000, 0x00000005f1800000, 0x00000005f2000000|  0%| F|  |TAMS 0x00000005f1800000, 0x00000005f1800000| Untracked 
| 228|0x00000005f2000000, 0x00000005f2000000, 0x00000005f2800000|  0%| F|  |TAMS 0x00000005f2000000, 0x00000005f2000000| Untracked 
| 229|0x00000005f2800000, 0x00000005f2800000, 0x00000005f3000000|  0%| F|  |TAMS 0x00000005f2800000, 0x00000005f2800000| Untracked 
| 230|0x00000005f3000000, 0x00000005f3000000, 0x00000005f3800000|  0%| F|  |TAMS 0x00000005f3000000, 0x00000005f3000000| Untracked 
| 231|0x00000005f3800000, 0x00000005f3800000, 0x00000005f4000000|  0%| F|  |TAMS 0x00000005f3800000, 0x00000005f3800000| Untracked 
| 232|0x00000005f4000000, 0x00000005f4000000, 0x00000005f4800000|  0%| F|  |TAMS 0x00000005f4000000, 0x00000005f4000000| Untracked 
| 233|0x00000005f4800000, 0x00000005f4800000, 0x00000005f5000000|  0%| F|  |TAMS 0x00000005f4800000, 0x00000005f4800000| Untracked 
| 234|0x00000005f5000000, 0x00000005f5000000, 0x00000005f5800000|  0%| F|  |TAMS 0x00000005f5000000, 0x00000005f5000000| Untracked 
| 235|0x00000005f5800000, 0x00000005f5800000, 0x00000005f6000000|  0%| F|  |TAMS 0x00000005f5800000, 0x00000005f5800000| Untracked 
| 236|0x00000005f6000000, 0x00000005f6000000, 0x00000005f6800000|  0%| F|  |TAMS 0x00000005f6000000, 0x00000005f6000000| Untracked 
| 237|0x00000005f6800000, 0x00000005f6800000, 0x00000005f7000000|  0%| F|  |TAMS 0x00000005f6800000, 0x00000005f6800000| Untracked 
| 238|0x00000005f7000000, 0x00000005f7000000, 0x00000005f7800000|  0%| F|  |TAMS 0x00000005f7000000, 0x00000005f7000000| Untracked 
| 239|0x00000005f7800000, 0x00000005f7800000, 0x00000005f8000000|  0%| F|  |TAMS 0x00000005f7800000, 0x00000005f7800000| Untracked 
| 240|0x00000005f8000000, 0x00000005f8000000, 0x00000005f8800000|  0%| F|  |TAMS 0x00000005f8000000, 0x00000005f8000000| Untracked 
| 241|0x00000005f8800000, 0x00000005f8800000, 0x00000005f9000000|  0%| F|  |TAMS 0x00000005f8800000, 0x00000005f8800000| Untracked 
| 242|0x00000005f9000000, 0x00000005f9000000, 0x00000005f9800000|  0%| F|  |TAMS 0x00000005f9000000, 0x00000005f9000000| Untracked 
| 243|0x00000005f9800000, 0x00000005f9800000, 0x00000005fa000000|  0%| F|  |TAMS 0x00000005f9800000, 0x00000005f9800000| Untracked 
| 244|0x00000005fa000000, 0x00000005fa000000, 0x00000005fa800000|  0%| F|  |TAMS 0x00000005fa000000, 0x00000005fa000000| Untracked 
| 245|0x00000005fa800000, 0x00000005fa800000, 0x00000005fb000000|  0%| F|  |TAMS 0x00000005fa800000, 0x00000005fa800000| Untracked 
| 246|0x00000005fb000000, 0x00000005fb000000, 0x00000005fb800000|  0%| F|  |TAMS 0x00000005fb000000, 0x00000005fb000000| Untracked 
| 247|0x00000005fb800000, 0x00000005fb800000, 0x00000005fc000000|  0%| F|  |TAMS 0x00000005fb800000, 0x00000005fb800000| Untracked 
| 248|0x00000005fc000000, 0x00000005fc000000, 0x00000005fc800000|  0%| F|  |TAMS 0x00000005fc000000, 0x00000005fc000000| Untracked 
| 249|0x00000005fc800000, 0x00000005fc800000, 0x00000005fd000000|  0%| F|  |TAMS 0x00000005fc800000, 0x00000005fc800000| Untracked 
| 250|0x00000005fd000000, 0x00000005fd000000, 0x00000005fd800000|  0%| F|  |TAMS 0x00000005fd000000, 0x00000005fd000000| Untracked 
| 251|0x00000005fd800000, 0x00000005fd800000, 0x00000005fe000000|  0%| F|  |TAMS 0x00000005fd800000, 0x00000005fd800000| Untracked 
| 252|0x00000005fe000000, 0x00000005fe000000, 0x00000005fe800000|  0%| F|  |TAMS 0x00000005fe000000, 0x00000005fe000000| Untracked 
| 253|0x00000005fe800000, 0x00000005fe800000, 0x00000005ff000000|  0%| F|  |TAMS 0x00000005fe800000, 0x00000005fe800000| Untracked 
| 254|0x00000005ff000000, 0x00000005ff000000, 0x00000005ff800000|  0%| F|  |TAMS 0x00000005ff000000, 0x00000005ff000000| Untracked 
| 255|0x00000005ff800000, 0x00000005ff800000, 0x0000000600000000|  0%| F|  |TAMS 0x00000005ff800000, 0x00000005ff800000| Untracked 
| 256|0x0000000600000000, 0x0000000600000000, 0x0000000600800000|  0%| F|  |TAMS 0x0000000600000000, 0x0000000600000000| Untracked 
| 257|0x0000000600800000, 0x0000000600800000, 0x0000000601000000|  0%| F|  |TAMS 0x0000000600800000, 0x0000000600800000| Untracked 
| 258|0x0000000601000000, 0x0000000601000000, 0x0000000601800000|  0%| F|  |TAMS 0x0000000601000000, 0x0000000601000000| Untracked 
| 259|0x0000000601800000, 0x0000000601800000, 0x0000000602000000|  0%| F|  |TAMS 0x0000000601800000, 0x0000000601800000| Untracked 
| 260|0x0000000602000000, 0x0000000602000000, 0x0000000602800000|  0%| F|  |TAMS 0x0000000602000000, 0x0000000602000000| Untracked 
| 261|0x0000000602800000, 0x0000000602800000, 0x0000000603000000|  0%| F|  |TAMS 0x0000000602800000, 0x0000000602800000| Untracked 
| 262|0x0000000603000000, 0x0000000603000000, 0x0000000603800000|  0%| F|  |TAMS 0x0000000603000000, 0x0000000603000000| Untracked 
| 263|0x0000000603800000, 0x0000000603800000, 0x0000000604000000|  0%| F|  |TAMS 0x0000000603800000, 0x0000000603800000| Untracked 
| 264|0x0000000604000000, 0x0000000604000000, 0x0000000604800000|  0%| F|  |TAMS 0x0000000604000000, 0x0000000604000000| Untracked 
| 265|0x0000000604800000, 0x0000000604800000, 0x0000000605000000|  0%| F|  |TAMS 0x0000000604800000, 0x0000000604800000| Untracked 
| 266|0x0000000605000000, 0x0000000605000000, 0x0000000605800000|  0%| F|  |TAMS 0x0000000605000000, 0x0000000605000000| Untracked 
| 267|0x0000000605800000, 0x0000000605800000, 0x0000000606000000|  0%| F|  |TAMS 0x0000000605800000, 0x0000000605800000| Untracked 
| 268|0x0000000606000000, 0x0000000606000000, 0x0000000606800000|  0%| F|  |TAMS 0x0000000606000000, 0x0000000606000000| Untracked 
| 269|0x0000000606800000, 0x0000000606800000, 0x0000000607000000|  0%| F|  |TAMS 0x0000000606800000, 0x0000000606800000| Untracked 
| 270|0x0000000607000000, 0x0000000607000000, 0x0000000607800000|  0%| F|  |TAMS 0x0000000607000000, 0x0000000607000000| Untracked 
| 271|0x0000000607800000, 0x0000000607800000, 0x0000000608000000|  0%| F|  |TAMS 0x0000000607800000, 0x0000000607800000| Untracked 
| 272|0x0000000608000000, 0x0000000608000000, 0x0000000608800000|  0%| F|  |TAMS 0x0000000608000000, 0x0000000608000000| Untracked 
| 273|0x0000000608800000, 0x0000000608800000, 0x0000000609000000|  0%| F|  |TAMS 0x0000000608800000, 0x0000000608800000| Untracked 
| 274|0x0000000609000000, 0x0000000609000000, 0x0000000609800000|  0%| F|  |TAMS 0x0000000609000000, 0x0000000609000000| Untracked 
| 275|0x0000000609800000, 0x0000000609800000, 0x000000060a000000|  0%| F|  |TAMS 0x0000000609800000, 0x0000000609800000| Untracked 
| 276|0x000000060a000000, 0x000000060a000000, 0x000000060a800000|  0%| F|  |TAMS 0x000000060a000000, 0x000000060a000000| Untracked 
| 277|0x000000060a800000, 0x000000060a800000, 0x000000060b000000|  0%| F|  |TAMS 0x000000060a800000, 0x000000060a800000| Untracked 
| 278|0x000000060b000000, 0x000000060b000000, 0x000000060b800000|  0%| F|  |TAMS 0x000000060b000000, 0x000000060b000000| Untracked 
| 279|0x000000060b800000, 0x000000060b800000, 0x000000060c000000|  0%| F|  |TAMS 0x000000060b800000, 0x000000060b800000| Untracked 
| 280|0x000000060c000000, 0x000000060c000000, 0x000000060c800000|  0%| F|  |TAMS 0x000000060c000000, 0x000000060c000000| Untracked 
| 281|0x000000060c800000, 0x000000060c800000, 0x000000060d000000|  0%| F|  |TAMS 0x000000060c800000, 0x000000060c800000| Untracked 
| 282|0x000000060d000000, 0x000000060d000000, 0x000000060d800000|  0%| F|  |TAMS 0x000000060d000000, 0x000000060d000000| Untracked 
| 283|0x000000060d800000, 0x000000060d800000, 0x000000060e000000|  0%| F|  |TAMS 0x000000060d800000, 0x000000060d800000| Untracked 
| 284|0x000000060e000000, 0x000000060e000000, 0x000000060e800000|  0%| F|  |TAMS 0x000000060e000000, 0x000000060e000000| Untracked 
| 285|0x000000060e800000, 0x000000060e800000, 0x000000060f000000|  0%| F|  |TAMS 0x000000060e800000, 0x000000060e800000| Untracked 
| 286|0x000000060f000000, 0x000000060f000000, 0x000000060f800000|  0%| F|  |TAMS 0x000000060f000000, 0x000000060f000000| Untracked 
| 287|0x000000060f800000, 0x000000060f800000, 0x0000000610000000|  0%| F|  |TAMS 0x000000060f800000, 0x000000060f800000| Untracked 
| 288|0x0000000610000000, 0x0000000610000000, 0x0000000610800000|  0%| F|  |TAMS 0x0000000610000000, 0x0000000610000000| Untracked 
| 289|0x0000000610800000, 0x0000000610800000, 0x0000000611000000|  0%| F|  |TAMS 0x0000000610800000, 0x0000000610800000| Untracked 
| 290|0x0000000611000000, 0x0000000611000000, 0x0000000611800000|  0%| F|  |TAMS 0x0000000611000000, 0x0000000611000000| Untracked 
| 291|0x0000000611800000, 0x0000000611800000, 0x0000000612000000|  0%| F|  |TAMS 0x0000000611800000, 0x0000000611800000| Untracked 
| 292|0x0000000612000000, 0x0000000612000000, 0x0000000612800000|  0%| F|  |TAMS 0x0000000612000000, 0x0000000612000000| Untracked 
| 293|0x0000000612800000, 0x0000000612800000, 0x0000000613000000|  0%| F|  |TAMS 0x0000000612800000, 0x0000000612800000| Untracked 
| 294|0x0000000613000000, 0x0000000613000000, 0x0000000613800000|  0%| F|  |TAMS 0x0000000613000000, 0x0000000613000000| Untracked 
| 295|0x0000000613800000, 0x0000000613800000, 0x0000000614000000|  0%| F|  |TAMS 0x0000000613800000, 0x0000000613800000| Untracked 
| 296|0x0000000614000000, 0x0000000614000000, 0x0000000614800000|  0%| F|  |TAMS 0x0000000614000000, 0x0000000614000000| Untracked 
| 297|0x0000000614800000, 0x0000000614800000, 0x0000000615000000|  0%| F|  |TAMS 0x0000000614800000, 0x0000000614800000| Untracked 
| 298|0x0000000615000000, 0x0000000615000000, 0x0000000615800000|  0%| F|  |TAMS 0x0000000615000000, 0x0000000615000000| Untracked 
| 299|0x0000000615800000, 0x0000000615800000, 0x0000000616000000|  0%| F|  |TAMS 0x0000000615800000, 0x0000000615800000| Untracked 
| 300|0x0000000616000000, 0x0000000616000000, 0x0000000616800000|  0%| F|  |TAMS 0x0000000616000000, 0x0000000616000000| Untracked 
| 301|0x0000000616800000, 0x0000000616800000, 0x0000000617000000|  0%| F|  |TAMS 0x0000000616800000, 0x0000000616800000| Untracked 
| 302|0x0000000617000000, 0x0000000617000000, 0x0000000617800000|  0%| F|  |TAMS 0x0000000617000000, 0x0000000617000000| Untracked 
| 303|0x0000000617800000, 0x0000000617800000, 0x0000000618000000|  0%| F|  |TAMS 0x0000000617800000, 0x0000000617800000| Untracked 
| 304|0x0000000618000000, 0x0000000618000000, 0x0000000618800000|  0%| F|  |TAMS 0x0000000618000000, 0x0000000618000000| Untracked 
| 305|0x0000000618800000, 0x0000000618800000, 0x0000000619000000|  0%| F|  |TAMS 0x0000000618800000, 0x0000000618800000| Untracked 
| 306|0x0000000619000000, 0x0000000619800000, 0x0000000619800000|100%| S|CS|TAMS 0x0000000619000000, 0x0000000619000000| Complete 
| 307|0x0000000619800000, 0x000000061a000000, 0x000000061a000000|100%| S|CS|TAMS 0x0000000619800000, 0x0000000619800000| Complete 
| 308|0x000000061a000000, 0x000000061a000000, 0x000000061a800000|  0%| F|  |TAMS 0x000000061a000000, 0x000000061a000000| Untracked 
| 309|0x000000061a800000, 0x000000061a800000, 0x000000061b000000|  0%| F|  |TAMS 0x000000061a800000, 0x000000061a800000| Untracked 
| 310|0x000000061b000000, 0x000000061b000000, 0x000000061b800000|  0%| F|  |TAMS 0x000000061b000000, 0x000000061b000000| Untracked 
| 311|0x000000061b800000, 0x000000061b800000, 0x000000061c000000|  0%| F|  |TAMS 0x000000061b800000, 0x000000061b800000| Untracked 
| 312|0x000000061c000000, 0x000000061c000000, 0x000000061c800000|  0%| F|  |TAMS 0x000000061c000000, 0x000000061c000000| Untracked 
| 313|0x000000061c800000, 0x000000061c800000, 0x000000061d000000|  0%| F|  |TAMS 0x000000061c800000, 0x000000061c800000| Untracked 
| 314|0x000000061d000000, 0x000000061d000000, 0x000000061d800000|  0%| F|  |TAMS 0x000000061d000000, 0x000000061d000000| Untracked 
| 315|0x000000061d800000, 0x000000061d800000, 0x000000061e000000|  0%| F|  |TAMS 0x000000061d800000, 0x000000061d800000| Untracked 
| 316|0x000000061e000000, 0x000000061e000000, 0x000000061e800000|  0%| F|  |TAMS 0x000000061e000000, 0x000000061e000000| Untracked 
| 317|0x000000061e800000, 0x000000061e800000, 0x000000061f000000|  0%| F|  |TAMS 0x000000061e800000, 0x000000061e800000| Untracked 
| 318|0x000000061f000000, 0x000000061f000000, 0x000000061f800000|  0%| F|  |TAMS 0x000000061f000000, 0x000000061f000000| Untracked 
| 319|0x000000061f800000, 0x000000061f800000, 0x0000000620000000|  0%| F|  |TAMS 0x000000061f800000, 0x000000061f800000| Untracked 
| 320|0x0000000620000000, 0x0000000620000000, 0x0000000620800000|  0%| F|  |TAMS 0x0000000620000000, 0x0000000620000000| Untracked 
| 321|0x0000000620800000, 0x0000000620800000, 0x0000000621000000|  0%| F|  |TAMS 0x0000000620800000, 0x0000000620800000| Untracked 
| 322|0x0000000621000000, 0x0000000621000000, 0x0000000621800000|  0%| F|  |TAMS 0x0000000621000000, 0x0000000621000000| Untracked 
| 323|0x0000000621800000, 0x0000000621800000, 0x0000000622000000|  0%| F|  |TAMS 0x0000000621800000, 0x0000000621800000| Untracked 

Card table byte_map: [0x0000014922ca0000,0x00000149240a0000] _byte_map_base: 0x00000149200a0000

Marking Bits (Prev, Next): (CMBitMap*) 0x000001490adcc580, (CMBitMap*) 0x000001490adcc540
 Prev Bits: [0x000001492f4a0000, 0x00000149394a0000)
 Next Bits: [0x00000149254a0000, 0x000001492f4a0000)

Polling page: 0x0000014908d70000

Metaspace:

Usage:
  Non-class:      2.41 MB used.
      Class:    245.40 KB used.
       Both:      2.65 MB used.

Virtual space:
  Non-class space:        8.00 MB reserved,       2.50 MB ( 31%) committed,  1 nodes.
      Class space:        1.00 GB reserved,     320.00 KB ( <1%) committed,  1 nodes.
             Both:        1.01 GB reserved,       2.81 MB ( <1%) committed. 

Chunk freelists:
   Non-Class:  3.72 MB
       Class:  3.70 MB
        Both:  7.42 MB

MaxMetaspaceSize: unlimited
CompressedClassSpaceSize: 1.00 GB
Initial GC threshold: 21.00 MB
Current GC threshold: 21.00 MB
CDS: on
MetaspaceReclaimPolicy: balanced
 - commit_granule_bytes: 65536.
 - commit_granule_words: 8192.
 - virtual_space_node_default_size: 1048576.
 - enlarge_chunks_in_place: 1.
 - new_chunks_are_fully_committed: 0.
 - uncommit_free_chunks: 1.
 - use_allocation_guard: 0.
 - handle_deallocations: 1.


Internal statistics:

num_allocs_failed_limit: 0.
num_arena_births: 62.
num_arena_deaths: 0.
num_vsnodes_births: 2.
num_vsnodes_deaths: 0.
num_space_committed: 45.
num_space_uncommitted: 0.
num_chunks_returned_to_freelist: 0.
num_chunks_taken_from_freelist: 81.
num_chunk_merges: 0.
num_chunk_splits: 56.
num_chunks_enlarged: 35.
num_purges: 0.
num_inconsistent_stats: 0.

CodeHeap 'non-profiled nmethods': size=120000Kb used=111Kb max_used=111Kb free=119888Kb
 bounds [0x000001491a030000, 0x000001491a2a0000, 0x0000014921560000]
CodeHeap 'profiled nmethods': size=120000Kb used=467Kb max_used=467Kb free=119532Kb
 bounds [0x0000014912b00000, 0x0000014912d70000, 0x000001491a030000]
CodeHeap 'non-nmethods': size=5760Kb used=1165Kb max_used=1179Kb free=4594Kb
 bounds [0x0000014912560000, 0x00000149127d0000, 0x0000014912b00000]
 total_blobs=809 nmethods=348 adapters=374
 compilation: enabled
              stopped_count=0, restarted_count=0
 full_count=0

Compilation events (20 events):
Event: 0.368 Thread 0x000001493be976c0  339       4       java.util.concurrent.ConcurrentHashMap::casTabAt (21 bytes)
Event: 0.371 Thread 0x000001493be976c0 nmethod 339 0x000001491a04a910 code [0x000001491a04aa80, 0x000001491a04abb8]
Event: 0.377 Thread 0x000001493be97fd0  340       3       java.lang.String::getBytes (44 bytes)
Event: 0.377 Thread 0x000001493be97fd0 nmethod 340 0x0000014912b72410 code [0x0000014912b725e0, 0x0000014912b728f8]
Event: 0.377 Thread 0x000001493be97fd0  341       3       java.lang.StringConcatHelper::prepend (37 bytes)
Event: 0.378 Thread 0x000001493be97fd0 nmethod 341 0x0000014912b72a10 code [0x0000014912b72be0, 0x0000014912b72eb8]
Event: 0.387 Thread 0x000001493be97fd0  342       3       edu.upc.epsevg.prop.loa.players.MCCloudPlayer$_B::<init> (9 bytes)
Event: 0.387 Thread 0x000001493be97fd0 nmethod 342 0x0000014912b73010 code [0x0000014912b731c0, 0x0000014912b73348]
Event: 0.387 Thread 0x000001493be97fd0  343       3       edu.upc.epsevg.prop.loa.players.MCCloudPlayer$_B::G (50 bytes)
Event: 0.387 Thread 0x000001493be97fd0 nmethod 343 0x0000014912b73410 code [0x0000014912b735a0, 0x0000014912b73878]
Event: 0.388 Thread 0x000001493be976c0  344       4       edu.upc.epsevg.prop.loa.players.MCCloudPlayer$_B::G (50 bytes)
Event: 0.391 Thread 0x000001493be976c0 nmethod 344 0x000001491a04ac10 code [0x000001491a04ada0, 0x000001491a04b0d8]
Event: 0.391 Thread 0x000001493be976c0  345       4       edu.upc.epsevg.prop.loa.players.MCCloudPlayer$_B::<init> (9 bytes)
Event: 0.394 Thread 0x000001493be976c0 nmethod 345 0x000001491a04b190 code [0x000001491a04b320, 0x000001491a04b658]
Event: 0.431 Thread 0x000001493be97fd0  346 %     3       edu.upc.epsevg.prop.loa.players.MCCloudPlayer::B @ 12 (39 bytes)
Event: 0.432 Thread 0x000001493be97fd0 nmethod 346% 0x0000014912b73910 code [0x0000014912b73b00, 0x0000014912b74148]
Event: 0.443 Thread 0x000001493be97fd0  347       3       edu.upc.epsevg.prop.loa.players.MCCloudPlayer::B (39 bytes)
Event: 0.444 Thread 0x000001493be97fd0 nmethod 347 0x0000014912b74390 code [0x0000014912b74580, 0x0000014912b74ba8]
Event: 0.476 Thread 0x000001493be976c0  348 %     4       edu.upc.epsevg.prop.loa.players.MCCloudPlayer::B @ 12 (39 bytes)
Event: 0.485 Thread 0x000001493be976c0 nmethod 348% 0x000001491a04b710 code [0x000001491a04b8a0, 0x000001491a04bcf8]

GC Heap History (20 events):
Event: 0.612 GC heap after
{Heap after GC invocations=8 (full 0):
 garbage-first heap   total 294912K, used 153297K [0x0000000580000000, 0x0000000800000000)
  region size 8192K, 1 young (8192K), 1 survivors (8192K)
 Metaspace       used 2709K, committed 2880K, reserved 1056768K
  class space    used 245K, committed 320K, reserved 1048576K
}
Event: 0.624 GC heap before
{Heap before GC invocations=8 (full 0):
 garbage-first heap   total 294912K, used 177873K [0x0000000580000000, 0x0000000800000000)
  region size 8192K, 4 young (32768K), 1 survivors (8192K)
 Metaspace       used 2709K, committed 2880K, reserved 1056768K
  class space    used 245K, committed 320K, reserved 1048576K
}
Event: 0.657 GC heap after
{Heap after GC invocations=9 (full 0):
 garbage-first heap   total 884736K, used 179428K [0x0000000580000000, 0x0000000800000000)
  region size 8192K, 1 young (8192K), 1 survivors (8192K)
 Metaspace       used 2709K, committed 2880K, reserved 1056768K
  class space    used 245K, committed 320K, reserved 1048576K
}
Event: 0.885 GC heap before
{Heap before GC invocations=10 (full 0):
 garbage-first heap   total 884736K, used 359652K [0x0000000580000000, 0x0000000800000000)
  region size 8192K, 23 young (188416K), 1 survivors (8192K)
 Metaspace       used 2709K, committed 2880K, reserved 1056768K
  class space    used 245K, committed 320K, reserved 1048576K
}
Event: 1.028 GC heap after
{Heap after GC invocations=11 (full 0):
 garbage-first heap   total 884736K, used 360448K [0x0000000580000000, 0x0000000800000000)
  region size 8192K, 3 young (24576K), 3 survivors (24576K)
 Metaspace       used 2709K, committed 2880K, reserved 1056768K
  class space    used 245K, committed 320K, reserved 1048576K
}
Event: 1.055 GC heap before
{Heap before GC invocations=11 (full 0):
 garbage-first heap   total 884736K, used 409600K [0x0000000580000000, 0x0000000800000000)
  region size 8192K, 9 young (73728K), 3 survivors (24576K)
 Metaspace       used 2709K, committed 2880K, reserved 1056768K
  class space    used 245K, committed 320K, reserved 1048576K
}
Event: 1.109 GC heap after
{Heap after GC invocations=12 (full 0):
 garbage-first heap   total 884736K, used 424241K [0x0000000580000000, 0x0000000800000000)
  region size 8192K, 2 young (16384K), 2 survivors (16384K)
 Metaspace       used 2709K, committed 2880K, reserved 1056768K
  class space    used 245K, committed 320K, reserved 1048576K
}
Event: 1.136 GC heap before
{Heap before GC invocations=12 (full 0):
 garbage-first heap   total 884736K, used 473393K [0x0000000580000000, 0x0000000800000000)
  region size 8192K, 8 young (65536K), 2 survivors (16384K)
 Metaspace       used 2709K, committed 2880K, reserved 1056768K
  class space    used 245K, committed 320K, reserved 1048576K
}
Event: 1.182 GC heap after
{Heap after GC invocations=13 (full 0):
 garbage-first heap   total 884736K, used 480777K [0x0000000580000000, 0x0000000800000000)
  region size 8192K, 1 young (8192K), 1 survivors (8192K)
 Metaspace       used 2709K, committed 2880K, reserved 1056768K
  class space    used 245K, committed 320K, reserved 1048576K
}
Event: 1.239 GC heap before
{Heap before GC invocations=13 (full 0):
 garbage-first heap   total 884736K, used 570889K [0x0000000580000000, 0x0000000800000000)
  region size 8192K, 12 young (98304K), 1 survivors (8192K)
 Metaspace       used 2709K, committed 2880K, reserved 1056768K
  class space    used 245K, committed 320K, reserved 1048576K
}
Event: 1.308 GC heap after
{Heap after GC invocations=14 (full 0):
 garbage-first heap   total 884736K, used 574984K [0x0000000580000000, 0x0000000800000000)
  region size 8192K, 2 young (16384K), 2 survivors (16384K)
 Metaspace       used 2709K, committed 2880K, reserved 1056768K
  class space    used 245K, committed 320K, reserved 1048576K
}
Event: 1.343 GC heap before
{Heap before GC invocations=14 (full 0):
 garbage-first heap   total 884736K, used 632328K [0x0000000580000000, 0x0000000800000000)
  region size 8192K, 9 young (73728K), 2 survivors (16384K)
 Metaspace       used 2709K, committed 2880K, reserved 1056768K
  class space    used 245K, committed 320K, reserved 1048576K
}
Event: 1.671 GC heap after
{Heap after GC invocations=15 (full 0):
 garbage-first heap   total 2654208K, used 638976K [0x0000000580000000, 0x0000000800000000)
  region size 8192K, 2 young (16384K), 2 survivors (16384K)
 Metaspace       used 2709K, committed 2880K, reserved 1056768K
  class space    used 245K, committed 320K, reserved 1048576K
}
Event: 2.128 GC heap before
{Heap before GC invocations=15 (full 0):
 garbage-first heap   total 2654208K, used 753664K [0x0000000580000000, 0x0000000800000000)
  region size 8192K, 16 young (131072K), 2 survivors (16384K)
 Metaspace       used 2709K, committed 2880K, reserved 1056768K
  class space    used 245K, committed 320K, reserved 1048576K
}
Event: 2.377 GC heap after
{Heap after GC invocations=16 (full 0):
 garbage-first heap   total 2654208K, used 759882K [0x0000000580000000, 0x0000000800000000)
  region size 8192K, 2 young (16384K), 2 survivors (16384K)
 Metaspace       used 2709K, committed 2880K, reserved 1056768K
  class space    used 245K, committed 320K, reserved 1048576K
}
Event: 2.445 GC heap before
{Heap before GC invocations=16 (full 0):
 garbage-first heap   total 2654208K, used 874570K [0x0000000580000000, 0x0000000800000000)
  region size 8192K, 16 young (131072K), 2 survivors (16384K)
 Metaspace       used 2709K, committed 2880K, reserved 1056768K
  class space    used 245K, committed 320K, reserved 1048576K
}
Event: 2.699 GC heap after
{Heap after GC invocations=17 (full 0):
 garbage-first heap   total 2654208K, used 881620K [0x0000000580000000, 0x0000000800000000)
  region size 8192K, 2 young (16384K), 2 survivors (16384K)
 Metaspace       used 2709K, committed 2880K, reserved 1056768K
  class space    used 245K, committed 320K, reserved 1048576K
}
Event: 2.835 GC heap before
{Heap before GC invocations=17 (full 0):
 garbage-first heap   total 2654208K, used 996308K [0x0000000580000000, 0x0000000800000000)
  region size 8192K, 16 young (131072K), 2 survivors (16384K)
 Metaspace       used 2709K, committed 2880K, reserved 1056768K
  class space    used 245K, committed 320K, reserved 1048576K
}
Event: 3.095 GC heap after
{Heap after GC invocations=18 (full 0):
 garbage-first heap   total 2654208K, used 1007616K [0x0000000580000000, 0x0000000800000000)
  region size 8192K, 2 young (16384K), 2 survivors (16384K)
 Metaspace       used 2709K, committed 2880K, reserved 1056768K
  class space    used 245K, committed 320K, reserved 1048576K
}
Event: 3.202 GC heap before
{Heap before GC invocations=18 (full 0):
 garbage-first heap   total 2654208K, used 1122304K [0x0000000580000000, 0x0000000800000000)
  region size 8192K, 16 young (131072K), 2 survivors (16384K)
 Metaspace       used 2709K, committed 2880K, reserved 1056768K
  class space    used 245K, committed 320K, reserved 1048576K
}

Deoptimization events (2 events):
Event: 0.486 Thread 0x000001493cc19980 DEOPT PACKING pc=0x0000014912b740b4 sp=0x00000014562feba0
Event: 0.486 Thread 0x000001493cc19980 DEOPT UNPACKING pc=0x00000149125b2b43 sp=0x00000014562fe080 mode 0

Classes unloaded (0 events):
No events

Classes redefined (0 events):
No events

Internal exceptions (4 events):
Event: 0.141 Thread 0x000001490ad4d530 Exception <a 'java/lang/ClassNotFoundException'{0x000000058595f7b0}: sun/awt/resources/spi/awtProvider> (0x000000058595f7b0) 
thrown [t:\workspace\open\src\hotspot\share\classfile\systemDictionary.cpp, line 256]
Event: 0.251 Thread 0x000001490ad4d530 Exception <a 'java/lang/NoSuchMethodError'{0x00000005859fa2a0}: 'java.lang.Object java.lang.invoke.DirectMethodHandle$Holder.invokeStaticInit(java.lang.Object)'> (0x00000005859fa2a0) 
thrown [t:\workspace\open\src\hotspot\share\interpreter\linkResolver.cpp, line 766]
Event: 0.296 Thread 0x000001490ad4d530 Exception <a 'java/lang/ClassNotFoundException'{0x0000000585a23828}: com/sun/accessibility/internal/resources/spi/accessibilityProvider> (0x0000000585a23828) 
thrown [t:\workspace\open\src\hotspot\share\classfile\systemDictionary.cpp, line 256]
Event: 0.331 Thread 0x000001490ad4d530 Exception <a 'java/lang/NoSuchMethodError'{0x0000000585ac03c0}: 'void java.lang.invoke.DirectMethodHandle$Holder.invokeStatic(java.lang.Object, java.lang.Object)'> (0x0000000585ac03c0) 
thrown [t:\workspace\open\src\hotspot\share\interpreter\linkResolver.cpp, line 766]

VM Operations (20 events):
Event: 0.657 Executing VM operation: G1CollectForAllocation done
Event: 0.693 Executing VM operation: G1Concurrent
Event: 0.693 Executing VM operation: G1Concurrent done
Event: 0.885 Executing VM operation: G1CollectForAllocation
Event: 1.028 Executing VM operation: G1CollectForAllocation done
Event: 1.054 Executing VM operation: G1CollectForAllocation
Event: 1.109 Executing VM operation: G1CollectForAllocation done
Event: 1.136 Executing VM operation: G1CollectForAllocation
Event: 1.182 Executing VM operation: G1CollectForAllocation done
Event: 1.239 Executing VM operation: G1CollectForAllocation
Event: 1.308 Executing VM operation: G1CollectForAllocation done
Event: 1.343 Executing VM operation: G1CollectForAllocation
Event: 1.671 Executing VM operation: G1CollectForAllocation done
Event: 2.124 Executing VM operation: G1CollectForAllocation
Event: 2.377 Executing VM operation: G1CollectForAllocation done
Event: 2.442 Executing VM operation: G1CollectForAllocation
Event: 2.700 Executing VM operation: G1CollectForAllocation done
Event: 2.835 Executing VM operation: G1CollectForAllocation
Event: 3.096 Executing VM operation: G1CollectForAllocation done
Event: 3.200 Executing VM operation: G1CollectForAllocation

Events (20 events):
Event: 0.336 loading class java/awt/EventDispatchThread$HierarchyEventFilter done
Event: 0.336 Thread 0x000001493cc1bc80 Thread added: 0x000001493cc1bc80
Event: 0.336 loading class java/awt/ModalEventFilter
Event: 0.336 loading class java/awt/ModalEventFilter done
Event: 0.336 loading class java/awt/EventFilter$FilterAction
Event: 0.336 loading class java/awt/EventFilter$FilterAction done
Event: 0.336 loading class sun/awt/dnd/SunDragSourceContextPeer
Event: 0.336 loading class java/awt/dnd/peer/DragSourceContextPeer
Event: 0.336 loading class java/awt/dnd/peer/DragSourceContextPeer done
Event: 0.336 loading class sun/awt/dnd/SunDragSourceContextPeer done
Event: 0.336 loading class java/awt/EventQueue$4
Event: 0.336 loading class java/awt/EventQueue$4 done
Event: 0.336 loading class java/awt/MenuComponent
Event: 0.337 loading class java/awt/MenuComponent done
Event: 0.337 loading class java/awt/TrayIcon
Event: 0.337 loading class java/awt/TrayIcon done
Event: 0.337 loading class java/awt/event/InputMethodEvent
Event: 0.337 loading class java/awt/event/InputMethodEvent done
Event: 0.337 loading class java/awt/event/ActionEvent
Event: 0.337 loading class java/awt/event/ActionEvent done


Dynamic libraries:
0x00007ff75ef60000 - 0x00007ff75ef70000 	C:\Users\aibar\Downloads\programas\jdk-17_windows-x64_bin\jdk-17\bin\java.exe
0x00007ffeaaa30000 - 0x00007ffeaac25000 	C:\windows\SYSTEM32\ntdll.dll
0x00007ffea8ce0000 - 0x00007ffea8d9e000 	C:\windows\System32\KERNEL32.DLL
0x00007ffea8370000 - 0x00007ffea8638000 	C:\windows\System32\KERNELBASE.dll
0x00007ffea8150000 - 0x00007ffea8250000 	C:\windows\System32\ucrtbase.dll
0x00007ffe80700000 - 0x00007ffe8071a000 	C:\Users\aibar\Downloads\programas\jdk-17_windows-x64_bin\jdk-17\bin\VCRUNTIME140.dll
0x00007ffe83fc0000 - 0x00007ffe83fd8000 	C:\Users\aibar\Downloads\programas\jdk-17_windows-x64_bin\jdk-17\bin\jli.dll
0x00007ffeaa210000 - 0x00007ffeaa2bc000 	C:\windows\System32\ADVAPI32.dll
0x00007ffeaa460000 - 0x00007ffeaa4fe000 	C:\windows\System32\msvcrt.dll
0x00007ffea8a80000 - 0x00007ffea8b1b000 	C:\windows\System32\sechost.dll
0x00007ffea9ff0000 - 0x00007ffeaa11a000 	C:\windows\System32\RPCRT4.dll
0x00007ffea8b20000 - 0x00007ffea8cc1000 	C:\windows\System32\USER32.dll
0x00007ffe96e30000 - 0x00007ffe970ca000 	C:\windows\WinSxS\amd64_microsoft.windows.common-controls_6595b64144ccf1df_6.0.19041.1110_none_60b5254171f9507e\COMCTL32.dll
0x00007ffea8640000 - 0x00007ffea8662000 	C:\windows\System32\win32u.dll
0x00007ffea9e60000 - 0x00007ffea9e8b000 	C:\windows\System32\GDI32.dll
0x00007ffea88c0000 - 0x00007ffea89cb000 	C:\windows\System32\gdi32full.dll
0x00007ffea8250000 - 0x00007ffea82ed000 	C:\windows\System32\msvcp_win.dll
0x00007ffea1af0000 - 0x00007ffea1afa000 	C:\windows\SYSTEM32\VERSION.dll
0x00007ffea98c0000 - 0x00007ffea98f0000 	C:\windows\System32\IMM32.DLL
0x00007ffea28e0000 - 0x00007ffea28ec000 	C:\Users\aibar\Downloads\programas\jdk-17_windows-x64_bin\jdk-17\bin\vcruntime140_1.dll
0x00007ffe66380000 - 0x00007ffe6640d000 	C:\Users\aibar\Downloads\programas\jdk-17_windows-x64_bin\jdk-17\bin\msvcp140.dll
0x00007ffe45ae0000 - 0x00007ffe4669e000 	C:\Users\aibar\Downloads\programas\jdk-17_windows-x64_bin\jdk-17\bin\server\jvm.dll
0x00007ffea8cd0000 - 0x00007ffea8cd8000 	C:\windows\System32\PSAPI.DLL
0x00007ffea3590000 - 0x00007ffea3599000 	C:\windows\SYSTEM32\WSOCK32.dll
0x00007ffe9ca10000 - 0x00007ffe9ca37000 	C:\windows\SYSTEM32\WINMM.dll
0x00007ffea9f80000 - 0x00007ffea9feb000 	C:\windows\System32\WS2_32.dll
0x00007ffea6010000 - 0x00007ffea6022000 	C:\windows\SYSTEM32\kernel.appcore.dll
0x00007ffe88980000 - 0x00007ffe8898a000 	C:\Users\aibar\Downloads\programas\jdk-17_windows-x64_bin\jdk-17\bin\jimage.dll
0x00007ffe93080000 - 0x00007ffe93264000 	C:\windows\SYSTEM32\DBGHELP.DLL
0x00007ffe92550000 - 0x00007ffe9257c000 	C:\windows\SYSTEM32\dbgcore.DLL
0x00007ffea8830000 - 0x00007ffea88b3000 	C:\windows\System32\bcryptPrimitives.dll
0x00007ffe74650000 - 0x00007ffe74675000 	C:\Users\aibar\Downloads\programas\jdk-17_windows-x64_bin\jdk-17\bin\java.dll
0x00007ffe64a00000 - 0x00007ffe64ad6000 	C:\Users\aibar\Downloads\programas\jdk-17_windows-x64_bin\jdk-17\bin\svml.dll
0x00007ffea9180000 - 0x00007ffea98bf000 	C:\windows\System32\SHELL32.dll
0x00007ffea6210000 - 0x00007ffea69a0000 	C:\windows\SYSTEM32\windows.storage.dll
0x00007ffeaa560000 - 0x00007ffeaa8b5000 	C:\windows\System32\combase.dll
0x00007ffea7ad0000 - 0x00007ffea7afe000 	C:\windows\SYSTEM32\Wldp.dll
0x00007ffea8f50000 - 0x00007ffea8ffd000 	C:\windows\System32\SHCORE.dll
0x00007ffea9d70000 - 0x00007ffea9dc5000 	C:\windows\System32\shlwapi.dll
0x00007ffea8090000 - 0x00007ffea80af000 	C:\windows\SYSTEM32\profapi.dll
0x00007ffe805b0000 - 0x00007ffe805c9000 	C:\Users\aibar\Downloads\programas\jdk-17_windows-x64_bin\jdk-17\bin\net.dll
0x00007ffe97f70000 - 0x00007ffe9807c000 	C:\windows\SYSTEM32\WINHTTP.dll
0x00007ffea7810000 - 0x00007ffea787a000 	C:\windows\system32\mswsock.dll
0x00007ffe76e90000 - 0x00007ffe76ea5000 	C:\Users\aibar\Downloads\programas\jdk-17_windows-x64_bin\jdk-17\bin\nio.dll
0x00007ffe74da0000 - 0x00007ffe74db8000 	C:\Users\aibar\Downloads\programas\jdk-17_windows-x64_bin\jdk-17\bin\zip.dll
0x00007ffe60d50000 - 0x00007ffe60edf000 	C:\Users\aibar\Downloads\programas\jdk-17_windows-x64_bin\jdk-17\bin\awt.dll
0x00007ffeaa140000 - 0x00007ffeaa20d000 	C:\windows\System32\OLEAUT32.dll
0x00007ffea5950000 - 0x00007ffea59e0000 	C:\windows\SYSTEM32\apphelp.dll
0x00007ffea5b10000 - 0x00007ffea5bae000 	C:\windows\system32\uxtheme.dll
0x00007ffea9060000 - 0x00007ffea9175000 	C:\windows\System32\MSCTF.dll
0x00007ffeaa8c0000 - 0x00007ffeaa9ea000 	C:\windows\System32\ole32.dll
0x00007ffe69c20000 - 0x00007ffe69c69000 	C:\Users\aibar\Downloads\programas\jdk-17_windows-x64_bin\jdk-17\bin\javaaccessbridge.dll
0x00007ffe882c0000 - 0x00007ffe882c7000 	C:\Users\aibar\Downloads\programas\jdk-17_windows-x64_bin\jdk-17\bin\jawt.dll

dbghelp: loaded successfully - version: 4.0.5 - missing functions: none
symbol engine: initialized successfully - sym options: 0x614 - pdb path: .;C:\Users\aibar\Downloads\programas\jdk-17_windows-x64_bin\jdk-17\bin;C:\windows\SYSTEM32;C:\windows\WinSxS\amd64_microsoft.windows.common-controls_6595b64144ccf1df_6.0.19041.1110_none_60b5254171f9507e;C:\Users\aibar\Downloads\programas\jdk-17_windows-x64_bin\jdk-17\bin\server

VM Arguments:
jvm_args: -Dfile.encoding=UTF-8 -Xmx10G 
java_command: edu.upc.epsevg.prop.loa.Game
java_class_path (initial): D:\UNI\Q7\PROP\Projecte\LOAApp\lib\LOALib_obfs.jar;D:\UNI\Q7\PROP\Projecte\LOAApp\lib\LOAPlayer_obfs_r.jar;D:\UNI\Q7\PROP\Projecte\LOAApp\build\classes
Launcher Type: SUN_STANDARD

[Global flags]
     intx CICompilerCount                          = 4                                         {product} {ergonomic}
     uint ConcGCThreads                            = 2                                         {product} {ergonomic}
     uint G1ConcRefinementThreads                  = 8                                         {product} {ergonomic}
   size_t G1HeapRegionSize                         = 8388608                                   {product} {ergonomic}
    uintx GCDrainStackTargetSize                   = 64                                        {product} {ergonomic}
   size_t InitialHeapSize                          = 100663296                                 {product} {ergonomic}
   size_t MarkStackSize                            = 4194304                                   {product} {ergonomic}
   size_t MaxHeapSize                              = 10737418240                               {product} {command line}
   size_t MaxNewSize                               = 6442450944                                {product} {ergonomic}
   size_t MinHeapDeltaBytes                        = 8388608                                   {product} {ergonomic}
   size_t MinHeapSize                              = 8388608                                   {product} {ergonomic}
    uintx NonNMethodCodeHeapSize                   = 5839372                                {pd product} {ergonomic}
    uintx NonProfiledCodeHeapSize                  = 122909434                              {pd product} {ergonomic}
    uintx ProfiledCodeHeapSize                     = 122909434                              {pd product} {ergonomic}
    uintx ReservedCodeCacheSize                    = 251658240                              {pd product} {ergonomic}
     bool SegmentedCodeCache                       = true                                      {product} {ergonomic}
   size_t SoftMaxHeapSize                          = 10737418240                            {manageable} {ergonomic}
     bool UseCompressedClassPointers               = true                           {product lp64_product} {ergonomic}
     bool UseCompressedOops                        = true                           {product lp64_product} {ergonomic}
     bool UseG1GC                                  = true                                      {product} {ergonomic}
     bool UseLargePagesIndividualAllocation        = false                                  {pd product} {ergonomic}

Logging:
Log output configuration:
 #0: stdout all=warning uptime,level,tags
 #1: stderr all=off uptime,level,tags

Environment Variables:
PATH=C:\Program Files (x86)\Common Files\Oracle\Java\javapath;C:\windows\system32;C:\windows;C:\windows\System32\Wbem;C:\windows\System32\WindowsPowerShell\v1.0\;C:\windows\System32\OpenSSH\;C:\Users\aibar\AppData\Local\Microsoft\WindowsApps;D:\Programas\PyCharm 2020.3\bin;C:\ProgramData\aibar\atom\bin;C:\Users\aibar\AppData\Local\atom\bin;C:\Users\aibar\AppData\Local\Programs\Microsoft VS Code\bin;C:\ProgramData\aibar\gitkraken\bin;C:\Users\aibar\AppData\Local\gitkraken\bin
USERNAME=aibar
OS=Windows_NT
PROCESSOR_IDENTIFIER=AMD64 Family 23 Model 24 Stepping 1, AuthenticAMD



---------------  S Y S T E M  ---------------

OS:
 Windows 10 , 64 bit Build 19041 (10.0.19041.1348)
OS uptime: 2 days 10:29 hours
Hyper-V role detected

CPU: total 8 (initial active 8) (8 cores per cpu, 2 threads per core) family 23 model 24 stepping 1 microcode 0x0, cx8, cmov, fxsr, ht, mmx, 3dnowpref, sse, sse2, sse3, ssse3, sse4a, sse4.1, sse4.2, popcnt, lzcnt, tsc, tscinvbit, avx, avx2, aes, clmul, bmi1, bmi2, adx, sha, fma, vzeroupper, clflush, clflushopt, hv

Memory: 4k page, system-wide physical 6060M (67M free)
TotalPageFile size 23212M (AvailPageFile size 1663M)
current process WorkingSet (physical memory assigned to process): 300M, peak: 792M
current process commit charge ("private bytes"): 2779M, peak: 5843M

vm_info: Java HotSpot(TM) 64-Bit Server VM (17+35-LTS-2724) for windows-amd64 JRE (17+35-LTS-2724), built on Aug  5 2021 23:28:28 by "mach5one" with MS VC++ 16.8 (VS2019)

END.
